[19:54:16] [main/INFO] (FabricLoader) Loading 53 mods:
	- authme 1.4.0
	   |-- autoconfig1u 3.2.2
	   \-- cloth-config2 4.8.2
	        \-- cloth-basic-math 0.5.1
	- fabric 0.34.2+1.16
	- fabric-api-base 0.3.0+f74f7c7d7d
	- fabric-api-lookup-api-v1 1.0.0+dc716ea17d
	- fabric-biome-api-v1 3.1.1+ca58154a7d
	- fabric-blockrenderlayer-v1 1.1.5+ca58154a7d
	- fabric-command-api-v1 1.1.2+f74f7c7d7d
	- fabric-commands-v0 0.2.2+ca58154a7d
	- fabric-containers-v0 0.1.11+9354966b7d
	- fabric-content-registries-v0 0.2.1+ca58154a7d
	- fabric-crash-report-info-v1 0.1.3+ca58154a7d
	- fabric-dimensions-v1 2.0.6+61336ba97d
	- fabric-entity-events-v1 1.1.0+c88702897d
	- fabric-events-interaction-v0 0.4.2+ca58154a7d
	- fabric-events-lifecycle-v0 0.2.1+ca58154a7d
	- fabric-game-rule-api-v1 1.0.6+ca58154a7d
	- fabric-item-api-v1 1.2.1+ca58154a7d
	- fabric-item-groups-v0 0.2.7+2868a2287d
	- fabric-key-binding-api-v1 1.0.4+9354966b7d
	- fabric-keybindings-v0 0.2.1+ca58154a7d
	- fabric-lifecycle-events-v1 1.2.1+ca58154a7d
	- fabric-loot-tables-v1 1.0.2+ca58154a7d
	- fabric-mining-levels-v0 0.1.3+ca58154a7d
	- fabric-models-v0 0.3.0+bc7a746f7d
	- fabric-networking-api-v1 1.0.4+5badb62d7d
	- fabric-networking-blockentity-v0 0.2.8+ca58154a7d
	- fabric-networking-v0 0.3.2+ca58154a7d
	- fabric-object-builder-api-v1 1.9.5+f74f7c7d7d
	- fabric-object-builders-v0 0.7.2+ca58154a7d
	- fabric-particles-v1 0.2.4+ca58154a7d
	- fabric-registry-sync-v0 0.7.4+ca58154a7d
	- fabric-renderer-api-v1 0.4.4+f74f7c7d7d
	- fabric-renderer-indigo 0.4.4+ca58154a7d
	- fabric-renderer-registries-v1 2.3.0+2868a2287d
	- fabric-rendering-data-attachment-v1 0.1.5+ca58154a7d
	- fabric-rendering-fluids-v1 0.1.13+ca58154a7d
	- fabric-rendering-v0 1.1.2+ca58154a7d
	- fabric-rendering-v1 1.6.0+2868a2287d
	- fabric-resource-loader-v0 0.4.7+6afaa13c7d
	- fabric-screen-api-v1 1.0.0+c045166c7d
	- fabric-screen-handler-api-v1 1.1.5+9354966b7d
	- fabric-structure-api-v1 1.1.4+ca58154a7d
	- fabric-tag-extensions-v0 1.1.1+ca58154a7d
	- fabric-textures-v0 1.0.6+ca58154a7d
	- fabric-tool-attribute-api-v1 1.2.7+8183d3957d
	- fabricloader 0.16.9
	   \-- mixinextras 0.4.1
	- ironblocksmod 1.0.0
	- java 17
	- minecraft 1.16.5
[19:54:23] [main/INFO] (FabricLoader/Mixin) SpongePowered MIXIN Subsystem Version=0.8.7 Source=file:/C:/Users/Alex/.gradle/caches/modules-2/files-2.1/net.fabricmc/sponge-mixin/0.15.4+mixin.0.8.7/6a12aacc794f1078458433116e9ed42c1cc98096/sponge-mixin-0.15.4+mixin.0.8.7.jar Service=Knot/Fabric Env=CLIENT
[19:54:23] [main/INFO] (FabricLoader/Mixin) Loaded Fabric development mappings for mixin remapper!
[19:54:23] [main/INFO] (FabricLoader/Mixin) Compatibility level set to JAVA_17
[19:54:25] [main/INFO] (FabricLoader/MixinExtras|Service) Initializing MixinExtras via com.llamalad7.mixinextras.service.MixinExtrasServiceImpl(version=0.4.1).
[19:54:36] [main/INFO] (Minecraft) Environment: authHost='https://authserver.mojang.com', accountsHost='https://api.mojang.com', sessionHost='https://sessionserver.mojang.com', servicesHost='https://api.minecraftservices.com', name='PROD'
[19:54:40] [main/INFO] (Minecraft) Setting user: Player14
[19:54:41] [main/INFO] (Indigo) [Indigo] Registering Indigo renderer!
[19:54:42] [main/INFO] (Minecraft) Backend library: LWJGL version 3.2.2 build 10
[19:54:45] [main/INFO] (Minecraft) Narrator library for x64 successfully loaded
[19:54:45] [main/INFO] (Minecraft) Reloading ResourceManager: Default, Fabric Mods (Fabric Lifecycle Events (v1), Fabric Networking Block Entity (v0), Fabric Screen Handler API (v1), Fabric Commands (v0), Fabric Object Builder API (v1), Fabric Resource Loader (v0), Fabric API Lookup API (v1), Fabric Particles (v1), Fabric API, Fabric Events Lifecycle (v0), Cloth Config v4, Fabric Tag Extensions (v0), Fabric Item Groups (v0), Fabric Screen API (v1), Fabric API Base, Fabric Networking API (v1), Fabric Renderer - Indigo, Fabric Biome API (v1), Fabric Rendering (v1), Auth Me, Fabric Content Registries (v0), Fabric Loot Tables (v1), Fabric Networking (v0), Fabric BlockRenderLayer Registration (v1), Fabric Mining Levels (v0), Fabric Models (v0), Fabric Tool Attribute API (v1), Fabric Rendering (v0), Fabric Structure API (v1), Fabric Renderer API (v1), Fabric Registry Sync (v0), Auto Config v1 Updated, Fabric Containers (v0), Fabric Game Rule API (v1), Fabric Dimensions API (v1), Fabric Rendering Data Attachment (v1), Fabric Rendering Fluids (v1), Fabric Object Builders (v0), Fabric Key Binding API (v1), Fabric Events Interaction (v0), Fabric Entity Events (v1), Fabric Command API (v1), Fabric Loader, Fabric Item API (v1), Fabric Textures (v0), Fabric Key Bindings (v0), Fabric Crash Report Info (v1), Fabric Renderer Registries (v1), ironblocksmod)
[19:54:46] [Realms Notification Availability checker #1/INFO] (Minecraft) Could not authorize you against Realms server: Invalid session id
[19:54:49] [Worker-Main-11/WARN] (Minecraft) Texture ironblocksmod:item/fishing with size 1600x1090 limits mip level from 4 to 1
[19:54:49] [Worker-Main-11/WARN] (Minecraft) minecraft:textures/atlas/blocks.png: dropping miplevel from 4 to 1, because of minimum power of two: 2
[19:54:50] [main/INFO] (Minecraft) OpenAL initialized.
[19:54:50] [main/INFO] (Minecraft) Sound engine started
[19:54:50] [main/INFO] (Minecraft) Created: 2048x2048x1 minecraft:textures/atlas/blocks.png-atlas
[19:54:51] [main/INFO] (Minecraft) Created: 256x128x4 minecraft:textures/atlas/signs.png-atlas
[19:54:51] [main/INFO] (Minecraft) Created: 1024x512x4 minecraft:textures/atlas/banner_patterns.png-atlas
[19:54:51] [main/INFO] (Minecraft) Created: 1024x512x4 minecraft:textures/atlas/shield_patterns.png-atlas
[19:54:51] [main/INFO] (Minecraft) Created: 256x256x4 minecraft:textures/atlas/chest.png-atlas
[19:54:51] [main/INFO] (Minecraft) Created: 512x256x4 minecraft:textures/atlas/beds.png-atlas
[19:54:51] [main/INFO] (Minecraft) Created: 512x256x4 minecraft:textures/atlas/shulker_boxes.png-atlas
[19:54:53] [main/INFO] (Minecraft) Created: 256x256x0 minecraft:textures/atlas/particles.png-atlas
[19:54:53] [main/INFO] (Minecraft) Created: 256x256x0 minecraft:textures/atlas/paintings.png-atlas
[19:54:53] [main/INFO] (Minecraft) Created: 256x128x0 minecraft:textures/atlas/mob_effects.png-atlas
