[04:07:30] [main/INFO] (FabricLoader) Loading for game Minecraft 1.16.5
[04:07:32] [main/INFO] (Fabric|Loader) [FabricLoader] Loading 48 mods: fabric-screen-handler-api-v1@1.1.5+9354966b7d, fabric-networking-blockentity-v0@0.2.8+ca58154a7d, minecraft@1.16.5, fabric-renderer-api-v1@0.4.4+f74f7c7d7d, fabric-keybindings-v0@0.2.1+ca58154a7d, fabric-command-api-v1@1.1.2+f74f7c7d7d, fabricloader@0.11.3, fabric-screen-api-v1@1.0.0+c045166c7d, fabric-tool-attribute-api-v1@1.2.7+8183d3957d, fabric-renderer-indigo@0.4.4+ca58154a7d, fabric-structure-api-v1@1.1.4+ca58154a7d, fabric-containers-v0@0.1.11+9354966b7d, fabric-dimensions-v1@2.0.6+61336ba97d, fabric-object-builder-api-v1@1.9.5+f74f7c7d7d, java@17, fabric-events-interaction-v0@0.4.2+ca58154a7d, ironblocksmod@1.0.0, fabric-item-api-v1@1.2.1+ca58154a7d, fabric-crash-report-info-v1@0.1.3+ca58154a7d, fabric-game-rule-api-v1@1.0.6+ca58154a7d, fabric-entity-events-v1@1.1.0+c88702897d, fabric-api-base@0.3.0+f74f7c7d7d, fabric-rendering-v0@1.1.2+ca58154a7d, fabric-key-binding-api-v1@1.0.4+9354966b7d, fabric-rendering-v1@1.6.0+2868a2287d, fabric-rendering-data-attachment-v1@0.1.5+ca58154a7d, fabric-resource-loader-v0@0.4.7+6afaa13c7d, fabric-textures-v0@1.0.6+ca58154a7d, fabric-content-registries-v0@0.2.1+ca58154a7d, fabric-tag-extensions-v0@1.1.1+ca58154a7d, fabric-biome-api-v1@3.1.1+ca58154a7d, fabric-rendering-fluids-v1@0.1.13+ca58154a7d, fabric-commands-v0@0.2.2+ca58154a7d, fabric-registry-sync-v0@0.7.4+ca58154a7d, fabric-blockrenderlayer-v1@1.1.5+ca58154a7d, fabric-lifecycle-events-v1@1.2.1+ca58154a7d, fabric-mining-levels-v0@0.1.3+ca58154a7d, fabric-renderer-registries-v1@2.3.0+2868a2287d, fabric-networking-api-v1@1.0.4+5badb62d7d, fabric-events-lifecycle-v0@0.2.1+ca58154a7d, fabric-loot-tables-v1@1.0.2+ca58154a7d, fabric@0.34.2+1.16, fabric-item-groups-v0@0.2.7+2868a2287d, fabric-models-v0@0.3.0+bc7a746f7d, fabric-particles-v1@0.2.4+ca58154a7d, fabric-object-builders-v0@0.7.2+ca58154a7d, fabric-networking-v0@0.3.2+ca58154a7d, fabric-api-lookup-api-v1@1.0.0+dc716ea17d
[04:07:33] [main/INFO] (mixin) SpongePowered MIXIN Subsystem Version=0.8.2 Source=file:/C:/Users/Alex/.gradle/caches/modules-2/files-2.1/net.fabricmc/sponge-mixin/0.9.2+mixin.0.8.2/12c437eebf031967eaa7daad861e115932772cc7/sponge-mixin-0.9.2+mixin.0.8.2.jar Service=Knot/Fabric Env=CLIENT
[04:07:33] [main/INFO] (Fabric|MixinBootstrap) Loaded Fabric development mappings for mixin remapper!
[04:07:33] [main/WARN] (mixin) The requested compatibility level JAVA_17 is higher than the level supported by the active subsystem 'Knot/Fabric' which supports JAVA_14. This is not a supported configuration and instability may occur.
[04:07:33] [main/INFO] (mixin) Compatibility level set to JAVA_17
[04:07:33] [main/INFO] (mixin) Remapping refMap fabric-networking-blockentity-v0-refmap.json using remapper chain
[04:07:33] [main/INFO] (mixin) Remapping refMap fabric-screen-handler-api-v1-refmap.json using remapper chain
[04:07:33] [main/INFO] (mixin) Remapping refMap fabric-lifecycle-events-v1-refmap.json using remapper chain
[04:07:33] [main/INFO] (mixin) Remapping refMap fabric-containers-v0-refmap.json using remapper chain
[04:07:33] [main/INFO] (mixin) Remapping refMap fabric-renderer-indigo-refmap.json using remapper chain
[04:07:33] [main/INFO] (mixin) Remapping refMap fabric-rendering-data-attachment-v1-refmap.json using remapper chain
[04:07:33] [main/INFO] (mixin) Remapping refMap fabric-structure-api-v1-refmap.json using remapper chain
[04:07:33] [main/INFO] (mixin) Remapping refMap fabric-events-interaction-v0-refmap.json using remapper chain
[04:07:33] [main/INFO] (mixin) Remapping refMap fabric-item-api-v1-refmap.json using remapper chain
[04:07:34] [main/INFO] (mixin) Remapping refMap fabric-loot-tables-v1-refmap.json using remapper chain
[04:07:34] [main/INFO] (mixin) Remapping refMap fabric-object-builder-api-v1-refmap.json using remapper chain
[04:07:34] [main/INFO] (mixin) Remapping refMap fabric-screen-api-v1-refmap.json using remapper chain
[04:07:34] [main/INFO] (mixin) Remapping refMap fabric-dimensions-v1-refmap.json using remapper chain
[04:07:34] [main/INFO] (mixin) Remapping refMap fabric-renderer-registries-v1-refmap.json using remapper chain
[04:07:34] [main/INFO] (mixin) Remapping refMap fabric-textures-v0-refmap.json using remapper chain
[04:07:34] [main/INFO] (mixin) Remapping refMap fabric-registry-sync-v0-refmap.json using remapper chain
[04:07:34] [main/INFO] (mixin) Remapping refMap fabric-models-v0-refmap.json using remapper chain
[04:07:34] [main/INFO] (mixin) Remapping refMap fabric-blockrenderlayer-v1-refmap.json using remapper chain
[04:07:34] [main/INFO] (mixin) Remapping refMap fabric-renderer-api-v1-refmap.json using remapper chain
[04:07:34] [main/INFO] (mixin) Remapping refMap fabric-containers-v0-refmap.json using remapper chain
[04:07:34] [main/INFO] (mixin) Remapping refMap fabric-rendering-fluids-v1-refmap.json using remapper chain
[04:07:34] [main/INFO] (mixin) Remapping refMap fabric-biome-api-v1-refmap.json using remapper chain
[04:07:34] [main/INFO] (mixin) Remapping refMap fabric-resource-loader-v0-refmap.json using remapper chain
[04:07:34] [main/INFO] (mixin) Remapping refMap fabric-game-rule-api-v1-refmap.json using remapper chain
[04:07:34] [main/INFO] (mixin) Remapping refMap fabric-networking-api-v1-refmap.json using remapper chain
[04:07:34] [main/INFO] (mixin) Remapping refMap fabric-particles-v1-refmap.json using remapper chain
[04:07:34] [main/INFO] (mixin) Remapping refMap fabric-object-builders-refmap.json using remapper chain
[04:07:34] [main/INFO] (mixin) Remapping refMap fabric-tag-extensions-v0-refmap.json using remapper chain
[04:07:34] [main/INFO] (mixin) Remapping refMap fabric-tool-attribute-api-v1-refmap.json using remapper chain
[04:07:34] [main/INFO] (mixin) Remapping refMap fabric-rendering-v1-refmap.json using remapper chain
[04:07:34] [main/INFO] (mixin) Remapping refMap fabric-item-groups-v0-refmap.json using remapper chain
[04:07:34] [main/INFO] (mixin) Remapping refMap fabric-content-registries-v0-refmap.json using remapper chain
[04:07:34] [main/INFO] (mixin) Remapping refMap fabric-command-api-v1-refmap.json using remapper chain
[04:07:34] [main/INFO] (mixin) Remapping refMap fabric-crash-report-info-v1-refmap.json using remapper chain
[04:07:34] [main/INFO] (mixin) Remapping refMap fabric-api-lookup-api-v1-refmap.json using remapper chain
[04:07:34] [main/INFO] (mixin) Remapping refMap fabric-entity-events-v1-refmap.json using remapper chain
[04:07:34] [main/INFO] (mixin) Remapping refMap fabric-key-binding-api-v1-refmap.json using remapper chain
[04:07:34] [main/INFO] (mixin) Remapping refMap fabric-renderer-api-v1-refmap.json using remapper chain
[04:07:34] [main/WARN] (mixin) @Mixin target net/minecraft/client/render/block/BlockModelRenderer$AmbientOcclusionCalculator is public in fabric-renderer-indigo.mixins.json:MixinAmbientOcclusionCalculator and should be specified in value
[04:07:34] [main/WARN] (mixin) @Mixin target net/minecraft/client/render/chunk/ChunkBuilder$BuiltChunk$RebuildTask is public in fabric-renderer-indigo.mixins.json:MixinChunkRebuildTask and should be specified in value
[04:07:34] [main/WARN] (mixin) @Mixin target net/minecraft/village/TradeOffers$TypeAwareBuyForOneEmeraldFactory is public in fabric-object-builder-v1.mixins.json:TypeAwareTradeMixin and should be specified in value
[04:07:34] [main/WARN] (mixin) @Mixin target net/minecraft/client/font/FontManager$1 is public in fabric-resource-loader-v0.mixins.json:client.FontManagerResourceReloadListenerMixin and should be specified in value
[04:07:34] [main/WARN] (mixin) @Mixin target net/minecraft/server/command/GameRuleCommand$1 is public in fabric-game-rule-api-v1.mixins.json:GameRuleCommandVisitorMixin and should be specified in value
[04:07:34] [main/WARN] (mixin) @Mixin target net/minecraft/client/gui/screen/world/EditGameRulesScreen$RuleListWidget$1 is public in fabric-game-rule-api-v1.mixins.json:client.RuleListWidgetVisitorMixin and should be specified in value
[04:07:34] [main/WARN] (mixin) @Mixin target net/minecraft/server/world/ThreadedAnvilChunkStorage$EntityTracker is public in fabric-networking-api-v1.mixins.json:accessor.EntityTrackerAccessor and should be specified in value
[04:07:34] [main/WARN] (mixin) @Mixin target net/minecraft/client/particle/ParticleManager$SimpleSpriteProvider is public in fabric-particles-v1.mixins.json:ParticleManagerAccessor$SimpleSpriteProviderAccessor and should be specified in value
[04:07:34] [main/WARN] (mixin) @Mixin target net/minecraft/tag/Tag$1 is public in fabric-tag-extensions-v0.mixins.json:MixinTagImpl and should be specified in value
[04:07:34] [main/WARN] (mixin) @Mixin target net/minecraft/tag/RequiredTagList$TagWrapper is public in fabric-tag-extensions-v0.mixins.json:MixinTagImpl and should be specified in value
[04:07:34] [main/WARN] (mixin) @Mixin target net/minecraft/client/render/model/WeightedBakedModel$Entry is public in fabric-renderer-api-v1.mixins.json:client.WeightedBakedModelEntryAccessor and should be specified in value
[04:07:45] [main/INFO] (Minecraft) Environment: authHost='https://authserver.mojang.com', accountsHost='https://api.mojang.com', sessionHost='https://sessionserver.mojang.com', servicesHost='https://api.minecraftservices.com', name='PROD'
[04:07:46] [main/INFO] (Minecraft) Setting user: Player275
[04:07:47] [main/INFO] (Indigo) [Indigo] Registering Indigo renderer!
[04:07:48] [main/INFO] (Minecraft) Backend library: LWJGL version 3.2.2 build 10
[04:07:54] [main/INFO] (Minecraft) Narrator library for x64 successfully loaded
[04:07:54] [main/INFO] (Minecraft) Reloading ResourceManager: Default, Fabric Mods (Fabric Screen Handler API (v1), Fabric Networking Block Entity (v0), Fabric Renderer API (v1), Fabric Key Bindings (v0), Fabric Command API (v1), Fabric Loader, Fabric Screen API (v1), Fabric Tool Attribute API (v1), Fabric Renderer - Indigo, Fabric Structure API (v1), Fabric Containers (v0), Fabric Dimensions API (v1), Fabric Object Builder API (v1), Fabric Events Interaction (v0), ironblocksmod, Fabric Item API (v1), Fabric Crash Report Info (v1), Fabric Game Rule API (v1), Fabric Entity Events (v1), Fabric API Base, Fabric Rendering (v0), Fabric Key Binding API (v1), Fabric Rendering (v1), Fabric Rendering Data Attachment (v1), Fabric Resource Loader (v0), Fabric Textures (v0), Fabric Content Registries (v0), Fabric Tag Extensions (v0), Fabric Biome API (v1), Fabric Rendering Fluids (v1), Fabric Commands (v0), Fabric Registry Sync (v0), Fabric BlockRenderLayer Registration (v1), Fabric Lifecycle Events (v1), Fabric Mining Levels (v0), Fabric Renderer Registries (v1), Fabric Networking API (v1), Fabric Events Lifecycle (v0), Fabric Loot Tables (v1), Fabric API, Fabric Item Groups (v0), Fabric Models (v0), Fabric Particles (v1), Fabric Object Builders (v0), Fabric Networking (v0), Fabric API Lookup API (v1))
[04:07:55] [Realms Notification Availability checker #1/INFO] (Minecraft) Could not authorize you against Realms server: Invalid session id
[04:08:01] [Worker-Main-8/WARN] (Minecraft) Texture ironblocksmod:item/fishing with size 1600x1090 limits mip level from 4 to 1
[04:08:01] [Worker-Main-8/WARN] (Minecraft) minecraft:textures/atlas/blocks.png: dropping miplevel from 4 to 1, because of minimum power of two: 2
[04:08:02] [main/INFO] (Minecraft) OpenAL initialized.
[04:08:02] [main/INFO] (Minecraft) Sound engine started
[04:08:02] [main/INFO] (Minecraft) Created: 2048x2048x1 minecraft:textures/atlas/blocks.png-atlas
[04:08:03] [main/INFO] (Minecraft) Created: 256x128x4 minecraft:textures/atlas/signs.png-atlas
[04:08:03] [main/INFO] (Minecraft) Created: 1024x512x4 minecraft:textures/atlas/banner_patterns.png-atlas
[04:08:03] [main/INFO] (Minecraft) Created: 1024x512x4 minecraft:textures/atlas/shield_patterns.png-atlas
[04:08:03] [main/INFO] (Minecraft) Created: 256x256x4 minecraft:textures/atlas/chest.png-atlas
[04:08:03] [main/INFO] (Minecraft) Created: 512x256x4 minecraft:textures/atlas/beds.png-atlas
[04:08:03] [main/INFO] (Minecraft) Created: 512x256x4 minecraft:textures/atlas/shulker_boxes.png-atlas
[04:08:05] [main/INFO] (Minecraft) Created: 256x256x0 minecraft:textures/atlas/particles.png-atlas
[04:08:05] [main/INFO] (Minecraft) Created: 256x256x0 minecraft:textures/atlas/paintings.png-atlas
[04:08:05] [main/INFO] (Minecraft) Created: 256x128x0 minecraft:textures/atlas/mob_effects.png-atlas
[04:08:10] [main/WARN] (Minecraft) Ambiguity between arguments [teleport, destination] and [teleport, targets] with inputs: [Player, 0123, @e, dd12be42-52a9-4a91-a8a1-11c01849e498]
[04:08:10] [main/WARN] (Minecraft) Ambiguity between arguments [teleport, location] and [teleport, destination] with inputs: [0.1 -0.5 .9, 0 0 0]
[04:08:10] [main/WARN] (Minecraft) Ambiguity between arguments [teleport, location] and [teleport, targets] with inputs: [0.1 -0.5 .9, 0 0 0]
[04:08:10] [main/WARN] (Minecraft) Ambiguity between arguments [teleport, targets] and [teleport, destination] with inputs: [Player, 0123, dd12be42-52a9-4a91-a8a1-11c01849e498]
[04:08:10] [main/WARN] (Minecraft) Ambiguity between arguments [teleport, targets, location] and [teleport, targets, destination] with inputs: [0.1 -0.5 .9, 0 0 0]
[04:08:10] [main/INFO] (Minecraft) Reloading ResourceManager: Default, Fabric Mods (Fabric Tool Attribute API (v1))
[04:08:11] [main/INFO] (Minecraft) Loaded 7 recipes
[04:08:11] [main/INFO] (Minecraft) Loaded 927 advancements
[04:08:11] [main/INFO] (BiomeModificationImpl) Applied 0 biome modifications to 0 of 79 new biomes in 3.839 ms
[04:08:14] [main/INFO] (Minecraft) Environment: authHost='https://authserver.mojang.com', accountsHost='https://api.mojang.com', sessionHost='https://sessionserver.mojang.com', servicesHost='https://api.minecraftservices.com', name='PROD'
[04:08:15] [Server thread/INFO] (Minecraft) Starting integrated minecraft server version 1.16.5
[04:08:15] [Server thread/INFO] (Minecraft) Generating keypair
[04:08:15] [Server thread/INFO] (Minecraft) Preparing start region for dimension minecraft:overworld
[04:08:19] [main/INFO] (Minecraft) Preparing spawn area: 0%
[04:08:19] [main/INFO] (Minecraft) Preparing spawn area: 0%
[04:08:19] [main/INFO] (Minecraft) Preparing spawn area: 0%
[04:08:19] [main/INFO] (Minecraft) Preparing spawn area: 0%
[04:08:19] [main/INFO] (Minecraft) Preparing spawn area: 0%
[04:08:19] [main/INFO] (Minecraft) Preparing spawn area: 0%
[04:08:19] [main/INFO] (Minecraft) Preparing spawn area: 0%
[04:08:19] [main/INFO] (Minecraft) Preparing spawn area: 0%
[04:08:20] [main/INFO] (Minecraft) Preparing spawn area: 49%
[04:08:24] [main/INFO] (Minecraft) Preparing spawn area: 83%
[04:08:24] [main/INFO] (Minecraft) Preparing spawn area: 83%
[04:08:24] [main/INFO] (Minecraft) Preparing spawn area: 83%
[04:08:24] [main/INFO] (Minecraft) Preparing spawn area: 83%
[04:08:24] [main/INFO] (Minecraft) Preparing spawn area: 83%
[04:08:24] [main/INFO] (Minecraft) Preparing spawn area: 83%
[04:08:24] [main/INFO] (Minecraft) Preparing spawn area: 83%
[04:08:24] [main/INFO] (Minecraft) Preparing spawn area: 83%
[04:08:24] [main/INFO] (Minecraft) Preparing spawn area: 83%
[04:08:24] [main/INFO] (Minecraft) Time elapsed: 8940 ms
[04:08:25] [Server thread/INFO] (Minecraft) Changing view distance to 11, from 10
[04:08:26] [Server thread/INFO] (Minecraft) Player275[local:E:bafc4020] logged in with entity id 138 at (47.035526726876796, 64.0, -176.3139473495533)
[04:08:26] [Server thread/INFO] (Minecraft) Player275 joined the game
[04:08:26] [Server thread/INFO] (Minecraft) Saving and pausing game...
[04:08:27] [Server thread/INFO] (Minecraft) Saving chunks for level 'ServerLevel[New World]'/minecraft:overworld
[04:08:27] [main/INFO] (Minecraft) Loaded 23 advancements
[04:08:28] [Server thread/INFO] (Minecraft) Saving chunks for level 'ServerLevel[New World]'/minecraft:the_nether
[04:08:28] [Server thread/INFO] (Minecraft) Saving chunks for level 'ServerLevel[New World]'/minecraft:the_end
