[00:57:04] [main/INFO] (FabricLoader/GameProvider) Loading Minecraft 1.16.5 with Fabric Loader 0.16.9
[00:57:04] [main/INFO] (FabricLoader) Loading 52 mods:
	- authme 2.1.0
	   \-- cloth-config2 4.12.41
	        \-- cloth-basic-math 0.6.0
	- fabric 0.34.2+1.16
	- fabric-api-base 0.3.0+f74f7c7d7d
	- fabric-api-lookup-api-v1 1.0.0+dc716ea17d
	- fabric-biome-api-v1 3.1.1+ca58154a7d
	- fabric-blockrenderlayer-v1 1.1.5+ca58154a7d
	- fabric-command-api-v1 1.1.2+f74f7c7d7d
	- fabric-commands-v0 0.2.2+ca58154a7d
	- fabric-containers-v0 0.1.11+9354966b7d
	- fabric-content-registries-v0 0.2.1+ca58154a7d
	- fabric-crash-report-info-v1 0.1.3+ca58154a7d
	- fabric-dimensions-v1 2.0.6+61336ba97d
	- fabric-entity-events-v1 1.1.0+c88702897d
	- fabric-events-interaction-v0 0.4.2+ca58154a7d
	- fabric-events-lifecycle-v0 0.2.1+ca58154a7d
	- fabric-game-rule-api-v1 1.0.6+ca58154a7d
	- fabric-item-api-v1 1.2.1+ca58154a7d
	- fabric-item-groups-v0 0.2.7+2868a2287d
	- fabric-key-binding-api-v1 1.0.4+9354966b7d
	- fabric-keybindings-v0 0.2.1+ca58154a7d
	- fabric-lifecycle-events-v1 1.2.1+ca58154a7d
	- fabric-loot-tables-v1 1.0.2+ca58154a7d
	- fabric-mining-levels-v0 0.1.3+ca58154a7d
	- fabric-models-v0 0.3.0+bc7a746f7d
	- fabric-networking-api-v1 1.0.4+5badb62d7d
	- fabric-networking-blockentity-v0 0.2.8+ca58154a7d
	- fabric-networking-v0 0.3.2+ca58154a7d
	- fabric-object-builder-api-v1 1.9.5+f74f7c7d7d
	- fabric-object-builders-v0 0.7.2+ca58154a7d
	- fabric-particles-v1 0.2.4+ca58154a7d
	- fabric-registry-sync-v0 0.7.4+ca58154a7d
	- fabric-renderer-api-v1 0.4.4+f74f7c7d7d
	- fabric-renderer-indigo 0.4.4+ca58154a7d
	- fabric-renderer-registries-v1 2.3.0+2868a2287d
	- fabric-rendering-data-attachment-v1 0.1.5+ca58154a7d
	- fabric-rendering-fluids-v1 0.1.13+ca58154a7d
	- fabric-rendering-v0 1.1.2+ca58154a7d
	- fabric-rendering-v1 1.6.0+2868a2287d
	- fabric-resource-loader-v0 0.4.7+6afaa13c7d
	- fabric-screen-api-v1 1.0.0+c045166c7d
	- fabric-screen-handler-api-v1 1.1.5+9354966b7d
	- fabric-structure-api-v1 1.1.4+ca58154a7d
	- fabric-tag-extensions-v0 1.1.1+ca58154a7d
	- fabric-textures-v0 1.0.6+ca58154a7d
	- fabric-tool-attribute-api-v1 1.2.7+8183d3957d
	- fabricloader 0.16.9
	   \-- mixinextras 0.4.1
	- ironblocksmod 1.0.0
	- java 17
	- minecraft 1.16.5
[00:57:09] [main/INFO] (FabricLoader/Mixin) SpongePowered MIXIN Subsystem Version=0.8.7 Source=file:/C:/Users/Alex/.gradle/caches/modules-2/files-2.1/net.fabricmc/sponge-mixin/0.15.4+mixin.0.8.7/6a12aacc794f1078458433116e9ed42c1cc98096/sponge-mixin-0.15.4+mixin.0.8.7.jar Service=Knot/Fabric Env=CLIENT
[00:57:09] [main/INFO] (FabricLoader/Mixin) Loaded Fabric development mappings for mixin remapper!
[00:57:09] [main/INFO] (FabricLoader/Mixin) Compatibility level set to JAVA_17
[00:57:10] [main/INFO] (FabricLoader/MixinExtras|Service) Initializing MixinExtras via com.llamalad7.mixinextras.service.MixinExtrasServiceImpl(version=0.4.1).
[00:57:19] [main/INFO] (Minecraft) Environment: authHost='https://authserver.mojang.com', accountsHost='https://api.mojang.com', sessionHost='https://sessionserver.mojang.com', servicesHost='https://api.minecraftservices.com', name='PROD'
[00:57:20] [main/INFO] (Minecraft) Setting user: Player558
[00:57:20] [main/INFO] (Indigo) [Indigo] Registering Indigo renderer!
[00:57:22] [main/INFO] (Minecraft) Backend library: LWJGL version 3.2.2 build 10
[00:57:27] [main/INFO] (Minecraft) Narrator library for x64 successfully loaded
[00:57:28] [main/INFO] (Minecraft) Reloading ResourceManager: Default, Fabric Mods (Fabric Renderer Registries (v1), Fabric Object Builder API (v1), Fabric Models (v0), Fabric Item Groups (v0), Fabric Screen API (v1), Fabric API, Fabric Renderer - Indigo, Fabric Mining Levels (v0), Fabric Game Rule API (v1), Fabric Loader, Auth Me, Fabric Resource Loader (v0), Fabric Lifecycle Events (v1), Fabric Structure API (v1), Fabric Events Interaction (v0), Fabric Dimensions API (v1), Fabric Key Binding API (v1), Fabric Item API (v1), Cloth Config v4, Fabric Rendering Fluids (v1), Fabric Rendering (v1), Fabric Networking Block Entity (v0), Fabric Key Bindings (v0), Fabric Entity Events (v1), Fabric Textures (v0), ironblocksmod, Fabric Tool Attribute API (v1), Fabric Renderer API (v1), Fabric Loot Tables (v1), Fabric Networking API (v1), Fabric Networking (v0), Fabric Tag Extensions (v0), Fabric Crash Report Info (v1), Fabric Particles (v1), Fabric Registry Sync (v0), Fabric Command API (v1), Fabric Commands (v0), Fabric Object Builders (v0), Fabric Rendering Data Attachment (v1), Fabric Biome API (v1), Fabric API Base, Fabric Content Registries (v0), Fabric BlockRenderLayer Registration (v1), Fabric API Lookup API (v1), Fabric Events Lifecycle (v0), Fabric Rendering (v0), Fabric Screen Handler API (v1), Fabric Containers (v0))
[00:57:29] [Realms Notification Availability checker #1/INFO] (Minecraft) Could not authorize you against Realms server: java.lang.RuntimeException: Failed to parse into SignedJWT: FabricMC
[00:57:33] [Worker-Main-8/WARN] (Minecraft) Texture ironblocksmod:item/fishing with size 1600x1090 limits mip level from 4 to 1
[00:57:33] [Worker-Main-8/WARN] (Minecraft) minecraft:textures/atlas/blocks.png: dropping miplevel from 4 to 1, because of minimum power of two: 2
[00:57:34] [main/INFO] (Minecraft) OpenAL initialized.
[00:57:34] [main/INFO] (Minecraft) Sound engine started
[00:57:34] [main/INFO] (Minecraft) Created: 2048x2048x1 minecraft:textures/atlas/blocks.png-atlas
[00:57:35] [main/INFO] (Minecraft) Created: 256x128x4 minecraft:textures/atlas/signs.png-atlas
[00:57:35] [main/INFO] (Minecraft) Created: 1024x512x4 minecraft:textures/atlas/banner_patterns.png-atlas
[00:57:35] [main/INFO] (Minecraft) Created: 1024x512x4 minecraft:textures/atlas/shield_patterns.png-atlas
[00:57:35] [main/INFO] (Minecraft) Created: 256x256x4 minecraft:textures/atlas/chest.png-atlas
[00:57:35] [main/INFO] (Minecraft) Created: 512x256x4 minecraft:textures/atlas/beds.png-atlas
[00:57:35] [main/INFO] (Minecraft) Created: 512x256x4 minecraft:textures/atlas/shulker_boxes.png-atlas
[00:57:36] [main/INFO] (Minecraft) Created: 256x256x0 minecraft:textures/atlas/particles.png-atlas
[00:57:36] [main/INFO] (Minecraft) Created: 256x256x0 minecraft:textures/atlas/paintings.png-atlas
[00:57:36] [main/INFO] (Minecraft) Created: 256x128x0 minecraft:textures/atlas/mob_effects.png-atlas
[00:57:42] [main/WARN] (Minecraft) Ambiguity between arguments [teleport, destination] and [teleport, targets] with inputs: [Player, 0123, @e, dd12be42-52a9-4a91-a8a1-11c01849e498]
[00:57:42] [main/WARN] (Minecraft) Ambiguity between arguments [teleport, location] and [teleport, destination] with inputs: [0.1 -0.5 .9, 0 0 0]
[00:57:42] [main/WARN] (Minecraft) Ambiguity between arguments [teleport, location] and [teleport, targets] with inputs: [0.1 -0.5 .9, 0 0 0]
[00:57:42] [main/WARN] (Minecraft) Ambiguity between arguments [teleport, targets] and [teleport, destination] with inputs: [Player, 0123, dd12be42-52a9-4a91-a8a1-11c01849e498]
[00:57:42] [main/WARN] (Minecraft) Ambiguity between arguments [teleport, targets, location] and [teleport, targets, destination] with inputs: [0.1 -0.5 .9, 0 0 0]
[00:57:42] [main/INFO] (Minecraft) Reloading ResourceManager: Default, Fabric Mods (Fabric Tool Attribute API (v1))
[00:57:43] [main/INFO] (Minecraft) Loaded 7 recipes
[00:57:43] [main/INFO] (Minecraft) Loaded 927 advancements
[00:57:43] [main/INFO] (BiomeModificationImpl) Applied 0 biome modifications to 0 of 79 new biomes in 3.008 ms
[00:57:44] [main/INFO] (Minecraft) Environment: authHost='https://authserver.mojang.com', accountsHost='https://api.mojang.com', sessionHost='https://sessionserver.mojang.com', servicesHost='https://api.minecraftservices.com', name='PROD'
[00:57:44] [Server thread/INFO] (Minecraft) Starting integrated minecraft server version 1.16.5
[00:57:44] [Server thread/INFO] (Minecraft) Generating keypair
[00:57:45] [Server thread/INFO] (Minecraft) Preparing start region for dimension minecraft:overworld
[00:57:46] [main/INFO] (Minecraft) Preparing spawn area: 0%
[00:57:46] [main/INFO] (Minecraft) Preparing spawn area: 0%
[00:57:46] [main/INFO] (Minecraft) Preparing spawn area: 0%
[00:57:46] [main/INFO] (Minecraft) Time elapsed: 1478 ms
[00:57:47] [Server thread/INFO] (Minecraft) Changing view distance to 11, from 10
[00:57:48] [Server thread/INFO] (Minecraft) Player558[local:E:b0381be5] logged in with entity id 131 at (78.053933077757, 69.62143534848114, -181.1086033705617)
[00:57:48] [Server thread/INFO] (Minecraft) Player558 joined the game
[00:57:48] [Server thread/INFO] (Minecraft) [STDOUT]: b2d19156-5364-397f-8e33-abd769d6319d
[00:57:48] [Server thread/INFO] (Minecraft) [STDOUT]: b2d19156-5364-397f-8e33-abd769d6319d
[00:57:48] [Server thread/INFO] (Minecraft) Player558 has made the advancement [Ice Bucket Challenge]
[00:57:48] [Server thread/INFO] (Minecraft) Saving and pausing game...
[00:57:48] [Server thread/INFO] (Minecraft) Saving chunks for level 'ServerLevel[New World]'/minecraft:overworld
[00:57:48] [main/INFO] (Minecraft) [CHAT] Player558 has made the advancement [Ice Bucket Challenge]
[00:57:48] [main/INFO] (Minecraft) Loaded 62 advancements
[00:57:49] [Server thread/INFO] (Minecraft) Saving chunks for level 'ServerLevel[New World]'/minecraft:the_nether
[00:57:49] [Server thread/INFO] (Minecraft) Saving chunks for level 'ServerLevel[New World]'/minecraft:the_end
[00:58:02] [Server thread/INFO] (Minecraft) Saving and pausing game...
[00:58:02] [Server thread/INFO] (Minecraft) Saving chunks for level 'ServerLevel[New World]'/minecraft:overworld
[00:58:02] [Server thread/INFO] (Minecraft) Saving chunks for level 'ServerLevel[New World]'/minecraft:the_nether
[00:58:02] [Server thread/INFO] (Minecraft) Saving chunks for level 'ServerLevel[New World]'/minecraft:the_end
[00:58:11] [Server thread/INFO] (Minecraft) [Player558: Set the weather to clear]
[00:58:11] [main/INFO] (Minecraft) [CHAT] Set the weather to clear
[00:58:29] [Server thread/INFO] (Minecraft) Player558 has completed the challenge [Cover Me in Debris]
[00:58:29] [main/INFO] (Minecraft) [CHAT] Player558 has completed the challenge [Cover Me in Debris]
[00:58:29] [main/INFO] (Minecraft) Loaded 65 advancements
[00:58:57] [main/INFO] (Minecraft) Loaded 71 advancements
[00:59:17] [main/WARN] (Minecraft) Unable to play empty soundEvent: minecraft:entity.tropical_fish.ambient
[00:59:28] [Server thread/INFO] (Minecraft) [Player558: Set the time to 1000]
[00:59:28] [main/INFO] (Minecraft) [CHAT] Set the time to 1000
[00:59:42] [Server thread/INFO] (Minecraft) [Player558: Set own game mode to Survival Mode]
[00:59:42] [main/INFO] (Minecraft) [CHAT] Set own game mode to Survival Mode
[00:59:46] [Server thread/INFO] (Minecraft) [Player558: Set own game mode to Creative Mode]
[00:59:46] [main/INFO] (Minecraft) [CHAT] Set own game mode to Creative Mode
[00:59:58] [Server thread/INFO] (Minecraft) [Player558: Set own game mode to Survival Mode]
[00:59:58] [main/INFO] (Minecraft) [CHAT] Set own game mode to Survival Mode
[01:00:10] [Server thread/INFO] (Minecraft) [Player558: Set own game mode to Creative Mode]
[01:00:10] [main/INFO] (Minecraft) [CHAT] Set own game mode to Creative Mode
[01:00:10] [Server thread/INFO] (Minecraft) Saving and pausing game...
[01:00:10] [Server thread/INFO] (Minecraft) Saving chunks for level 'ServerLevel[New World]'/minecraft:overworld
[01:00:11] [Server thread/INFO] (Minecraft) Saving chunks for level 'ServerLevel[New World]'/minecraft:the_nether
[01:00:11] [Server thread/INFO] (Minecraft) Saving chunks for level 'ServerLevel[New World]'/minecraft:the_end
[01:00:12] [main/INFO] (Minecraft) Stopping!
[01:00:12] [Server thread/INFO] (Minecraft) Player558 lost connection: Disconnected
[01:00:12] [Server thread/INFO] (Minecraft) Player558 left the game
[01:00:12] [Server thread/INFO] (Minecraft) Stopping singleplayer server as player logged out
[01:00:12] [Server thread/INFO] (Minecraft) Stopping server
[01:00:12] [Server thread/INFO] (Minecraft) Saving players
[01:00:12] [Server thread/INFO] (Minecraft) Saving worlds
[01:00:12] [Server thread/INFO] (Minecraft) Saving chunks for level 'ServerLevel[New World]'/minecraft:overworld
[01:00:12] [Server thread/INFO] (Minecraft) ThreadedAnvilChunkStorage (New World): All chunks are saved
[01:00:12] [Server thread/INFO] (Minecraft) Saving chunks for level 'ServerLevel[New World]'/minecraft:the_nether
[01:00:12] [Server thread/INFO] (Minecraft) ThreadedAnvilChunkStorage (DIM-1): All chunks are saved
[01:00:12] [Server thread/INFO] (Minecraft) Saving chunks for level 'ServerLevel[New World]'/minecraft:the_end
[01:00:12] [Server thread/INFO] (Minecraft) ThreadedAnvilChunkStorage (DIM1): All chunks are saved
[01:00:12] [Server thread/INFO] (Minecraft) ThreadedAnvilChunkStorage (New World): All chunks are saved
[01:00:12] [Server thread/INFO] (Minecraft) ThreadedAnvilChunkStorage (DIM-1): All chunks are saved
[01:00:12] [Server thread/INFO] (Minecraft) ThreadedAnvilChunkStorage (DIM1): All chunks are saved
